d:\chen\pro\cpp\myengine\cyengine\projects\components\movecomponents\commonuavmovecomponent\x64\debug\vc143.pdb
d:\chen\pro\cpp\myengine\cyengine\projects\components\movecomponents\commonuavmovecomponent\x64\debug\vc143.idb
d:\chen\pro\cpp\myengine\cyengine\projects\components\movecomponents\commonuavmovecomponent\x64\debug\ecef_lla.obj
d:\chen\pro\cpp\myengine\cyengine\projects\components\movecomponents\commonuavmovecomponent\x64\debug\commonuavmovecomponent.obj
d:\chen\pro\cpp\myengine\cyengine\dll\debug\commonuavmovecomponentd.lib
d:\chen\pro\cpp\myengine\cyengine\dll\debug\commonuavmovecomponentd.exp
d:\chen\pro\cpp\myengine\cyengine\projects\components\movecomponents\commonuavmovecomponent\x64\debug\commonuavmovecomponentd.ilk
d:\chen\pro\cpp\myengine\cyengine\dll\debug\commonuavmovecomponentd.pdb
d:\chen\pro\cpp\myengine\cyengine\projects\components\movecomponents\commonuavmovecomponent\x64\debug\commonua.28e8d481.tlog\cl.command.1.tlog
d:\chen\pro\cpp\myengine\cyengine\projects\components\movecomponents\commonuavmovecomponent\x64\debug\commonua.28e8d481.tlog\cl.items.tlog
d:\chen\pro\cpp\myengine\cyengine\projects\components\movecomponents\commonuavmovecomponent\x64\debug\commonua.28e8d481.tlog\cl.read.1.tlog
d:\chen\pro\cpp\myengine\cyengine\projects\components\movecomponents\commonuavmovecomponent\x64\debug\commonua.28e8d481.tlog\cl.write.1.tlog
d:\chen\pro\cpp\myengine\cyengine\projects\components\movecomponents\commonuavmovecomponent\x64\debug\commonua.28e8d481.tlog\link-cvtres.read.1.tlog
d:\chen\pro\cpp\myengine\cyengine\projects\components\movecomponents\commonuavmovecomponent\x64\debug\commonua.28e8d481.tlog\link-cvtres.write.1.tlog
d:\chen\pro\cpp\myengine\cyengine\projects\components\movecomponents\commonuavmovecomponent\x64\debug\commonua.28e8d481.tlog\link-rc.read.1.tlog
d:\chen\pro\cpp\myengine\cyengine\projects\components\movecomponents\commonuavmovecomponent\x64\debug\commonua.28e8d481.tlog\link-rc.write.1.tlog
d:\chen\pro\cpp\myengine\cyengine\projects\components\movecomponents\commonuavmovecomponent\x64\debug\commonua.28e8d481.tlog\link.18692-cvtres.read.1.tlog
d:\chen\pro\cpp\myengine\cyengine\projects\components\movecomponents\commonuavmovecomponent\x64\debug\commonua.28e8d481.tlog\link.18692-cvtres.write.1.tlog
d:\chen\pro\cpp\myengine\cyengine\projects\components\movecomponents\commonuavmovecomponent\x64\debug\commonua.28e8d481.tlog\link.18692-rc.read.1.tlog
d:\chen\pro\cpp\myengine\cyengine\projects\components\movecomponents\commonuavmovecomponent\x64\debug\commonua.28e8d481.tlog\link.18692-rc.write.1.tlog
d:\chen\pro\cpp\myengine\cyengine\projects\components\movecomponents\commonuavmovecomponent\x64\debug\commonua.28e8d481.tlog\link.18692.read.1.tlog
d:\chen\pro\cpp\myengine\cyengine\projects\components\movecomponents\commonuavmovecomponent\x64\debug\commonua.28e8d481.tlog\link.18692.read.2.tlog
d:\chen\pro\cpp\myengine\cyengine\projects\components\movecomponents\commonuavmovecomponent\x64\debug\commonua.28e8d481.tlog\link.18692.write.1.tlog
d:\chen\pro\cpp\myengine\cyengine\projects\components\movecomponents\commonuavmovecomponent\x64\debug\commonua.28e8d481.tlog\link.command.1.tlog
d:\chen\pro\cpp\myengine\cyengine\projects\components\movecomponents\commonuavmovecomponent\x64\debug\commonua.28e8d481.tlog\link.read.1.tlog
d:\chen\pro\cpp\myengine\cyengine\projects\components\movecomponents\commonuavmovecomponent\x64\debug\commonua.28e8d481.tlog\link.read.2.tlog
d:\chen\pro\cpp\myengine\cyengine\projects\components\movecomponents\commonuavmovecomponent\x64\debug\commonua.28e8d481.tlog\link.read.3.tlog
d:\chen\pro\cpp\myengine\cyengine\projects\components\movecomponents\commonuavmovecomponent\x64\debug\commonua.28e8d481.tlog\link.secondary.1.tlog
d:\chen\pro\cpp\myengine\cyengine\projects\components\movecomponents\commonuavmovecomponent\x64\debug\commonua.28e8d481.tlog\link.write.1.tlog
