d:\chen\pro\cpp\myengine\cyengine\projects\models\human\people\x64\debug\vc143.pdb
d:\chen\pro\cpp\myengine\cyengine\projects\models\human\people\x64\debug\vc143.idb
d:\chen\pro\cpp\myengine\cyengine\projects\models\human\people\x64\debug\people.obj
d:\chen\pro\cpp\cyengine\lib\debug\peopled.lib
d:\chen\pro\cpp\cyengine\lib\debug\peopled.exp
d:\chen\pro\cpp\cyengine\dll\debug\peopled.lib
d:\chen\pro\cpp\cyengine\dll\debug\peopled.exp
d:\chen\pro\cpp\myengine\cyengine\dll\debug\peopled.lib
d:\chen\pro\cpp\myengine\cyengine\dll\debug\peopled.exp
d:\chen\pro\cpp\myengine\cyengine\dll\debug\peopled.dll
d:\chen\pro\cpp\myengine\cyengine\projects\models\human\people\x64\debug\peopled.ilk
d:\chen\pro\cpp\myengine\cyengine\dll\debug\peopled.pdb
d:\chen\pro\cpp\myengine\cyengine\projects\models\human\people\x64\debug\people.tlog\cl.command.1.tlog
d:\chen\pro\cpp\myengine\cyengine\projects\models\human\people\x64\debug\people.tlog\cl.items.tlog
d:\chen\pro\cpp\myengine\cyengine\projects\models\human\people\x64\debug\people.tlog\cl.read.1.tlog
d:\chen\pro\cpp\myengine\cyengine\projects\models\human\people\x64\debug\people.tlog\cl.write.1.tlog
d:\chen\pro\cpp\myengine\cyengine\projects\models\human\people\x64\debug\people.tlog\link.command.1.tlog
d:\chen\pro\cpp\myengine\cyengine\projects\models\human\people\x64\debug\people.tlog\link.read.1.tlog
d:\chen\pro\cpp\myengine\cyengine\projects\models\human\people\x64\debug\people.tlog\link.write.1.tlog
d:\chen\pro\cpp\myengine\cyengine\projects\models\human\people\x64\debug\people.tlog\link.write.2u.tlog
