d:\chen\pro\cpp\myengine\cyengine\projects\myengineclient\x64\debug\main.obj
d:\chen\pro\cpp\myengine\cyengine\projects\myengineclient\x64\debug\myengineclient.obj
d:\chen\pro\cpp\myengine\cyengine\projects\myengineclient\x64\debug\vc143.pdb
d:\chen\pro\cpp\myengine\cyengine\projects\myengineclient\x64\debug\vc143.idb
d:\chen\pro\cpp\myengine\cyengine\projects\myengineclient\x64\debug\qrc_myengineclient.obj
d:\chen\pro\cpp\myengine\cyengine\projects\myengineclient\x64\debug\picplayer.obj
d:\chen\pro\cpp\myengine\cyengine\projects\myengineclient\x64\debug\moc_picplayer.obj
d:\chen\pro\cpp\myengine\cyengine\projects\myengineclient\x64\debug\moc_myengineclient.obj
d:\chen\pro\cpp\myengine\cyengine\x64\debug\myengineclient.exe
d:\chen\pro\cpp\myengine\cyengine\projects\myengineclient\x64\debug\myengineclient.ilk
d:\chen\pro\cpp\myengine\cyengine\x64\debug\myengineclient.pdb
d:\chen\pro\cpp\myengine\cyengine\projects\myengineclient\x64\debug\moc\moc_myengineclient.cpp
d:\chen\pro\cpp\myengine\cyengine\projects\myengineclient\x64\debug\uic\ui_myengineclient.h
d:\chen\pro\cpp\myengine\cyengine\projects\myengineclient\x64\debug\rcc\qrc_myengineclient.cpp
d:\chen\pro\cpp\myengine\cyengine\projects\myengineclient\x64\debug\uic\ui_picplayer.h
d:\chen\pro\cpp\myengine\cyengine\projects\myengineclient\x64\debug\moc\moc_picplayer.cpp
d:\chen\pro\cpp\myengine\cyengine\projects\myengineclient\x64\debug\myengineclient.res
d:\chen\pro\cpp\myengine\cyengine\projects\myengineclient\x64\debug\myengineclient.tlog\cl.command.1.tlog
d:\chen\pro\cpp\myengine\cyengine\projects\myengineclient\x64\debug\myengineclient.tlog\cl.items.tlog
d:\chen\pro\cpp\myengine\cyengine\projects\myengineclient\x64\debug\myengineclient.tlog\cl.read.1.tlog
d:\chen\pro\cpp\myengine\cyengine\projects\myengineclient\x64\debug\myengineclient.tlog\cl.write.1.tlog
d:\chen\pro\cpp\myengine\cyengine\projects\myengineclient\x64\debug\myengineclient.tlog\link.command.1.tlog
d:\chen\pro\cpp\myengine\cyengine\projects\myengineclient\x64\debug\myengineclient.tlog\link.read.1.tlog
d:\chen\pro\cpp\myengine\cyengine\projects\myengineclient\x64\debug\myengineclient.tlog\link.write.1.tlog
d:\chen\pro\cpp\myengine\cyengine\projects\myengineclient\x64\debug\myengineclient.tlog\moc.read.1u.tlog
d:\chen\pro\cpp\myengine\cyengine\projects\myengineclient\x64\debug\myengineclient.tlog\moc.write.1u.tlog
d:\chen\pro\cpp\myengine\cyengine\projects\myengineclient\x64\debug\myengineclient.tlog\myengineclient.write.1u.tlog
d:\chen\pro\cpp\myengine\cyengine\projects\myengineclient\x64\debug\myengineclient.tlog\rc.command.1.tlog
d:\chen\pro\cpp\myengine\cyengine\projects\myengineclient\x64\debug\myengineclient.tlog\rc.read.1.tlog
d:\chen\pro\cpp\myengine\cyengine\projects\myengineclient\x64\debug\myengineclient.tlog\rc.write.1.tlog
d:\chen\pro\cpp\myengine\cyengine\projects\myengineclient\x64\debug\myengineclient.tlog\rcc.read.1u.tlog
d:\chen\pro\cpp\myengine\cyengine\projects\myengineclient\x64\debug\myengineclient.tlog\rcc.write.1u.tlog
d:\chen\pro\cpp\myengine\cyengine\projects\myengineclient\x64\debug\myengineclient.tlog\uic.read.1u.tlog
d:\chen\pro\cpp\myengine\cyengine\projects\myengineclient\x64\debug\myengineclient.tlog\uic.write.1u.tlog
