   Qt/MSBuild: 3.4.1.0
  Reading Qt configuration (C:/Qt/Qt5.9.9/5.9.9/msvc2017_64/bin/qmake)
   Qt: 5.9.9
  moc ..\..\src\OtherProjects\MyEngineClient\MyEngineClient.h
  moc ..\..\src\OtherProjects\MyEngineClient\PicPlayer.h
  moc ..\..\src\OtherProjects\MyEngineClient\SignUpWidget.h
  moc ..\..\src\OtherProjects\MyEngineClient\MyTcpClient.h
  moc ..\..\src\OtherProjects\MyEngineClient\HCLWidhet.h
  HCLWidhet.cpp
  main.cpp
  MyEngineClient.cpp
  MyTcpClient.cpp
  PicPlayer.cpp
  SignUpWidget.cpp
  MyEngineMessage.pb.cc
C:\chen\Pro\CyEngine\src\Tools\ProtoBuf\google\protobuf\stubs\status.h(97,15): warning C4251: “google::protobuf::util::status_internal::Status::error_message_”:“std::basic_string<char,std::char_traits<char>,std::allocator<char>>”需要有 dll 接口以供“google::protobuf::util::status_internal::Status”的客户端使用
  (编译源文件“../../src/Tools/ProtoBuf/MyEngineMessage.pb.cc”)
      C:\Program Files\Microsoft Visual Studio\18\Insiders\VC\Tools\MSVC\14.50.35717\include\xstring(589,7):
      参见“std::basic_string<char,std::char_traits<char>,std::allocator<char>>”的声明
  
C:\chen\Pro\CyEngine\src\Tools\ProtoBuf\google\protobuf\stubs\logging.h(100,15): warning C4251: “google::protobuf::internal::LogMessage::message_”:“std::basic_string<char,std::char_traits<char>,std::allocator<char>>”需要有 dll 接口以供“google::protobuf::internal::LogMessage”的客户端使用
  (编译源文件“../../src/Tools/ProtoBuf/MyEngineMessage.pb.cc”)
      C:\Program Files\Microsoft Visual Studio\18\Insiders\VC\Tools\MSVC\14.50.35717\include\xstring(589,7):
      参见“std::basic_string<char,std::char_traits<char>,std::allocator<char>>”的声明
  
C:\chen\Pro\CyEngine\src\Tools\ProtoBuf\google\protobuf\io\coded_stream.h(1275,28): warning C4251: “google::protobuf::io::CodedOutputStream::default_serialization_deterministic_”:“std::atomic<bool>”需要有 dll 接口以供“google::protobuf::io::CodedOutputStream”的客户端使用
  (编译源文件“../../src/Tools/ProtoBuf/MyEngineMessage.pb.cc”)
      C:\Program Files\Microsoft Visual Studio\18\Insiders\VC\Tools\MSVC\14.50.35717\include\atomic(2115,8):
      参见“std::atomic<bool>”的声明
  
C:\chen\Pro\CyEngine\src\Tools\ProtoBuf\google\protobuf\arena_impl.h(401,23): warning C4251: “google::protobuf::internal::SerialArena::space_allocated_”:“std::atomic<unsigned __int64>”需要有 dll 接口以供“google::protobuf::internal::SerialArena”的客户端使用
  (编译源文件“../../src/Tools/ProtoBuf/MyEngineMessage.pb.cc”)
      C:\Program Files\Microsoft Visual Studio\18\Insiders\VC\Tools\MSVC\14.50.35717\include\atomic(2115,8):
      参见“std::atomic<unsigned __int64>”的声明
  
C:\chen\Pro\CyEngine\src\Tools\ProtoBuf\google\protobuf\arena_impl.h(532,29): warning C4251: “google::protobuf::internal::ThreadSafeArena::alloc_policy_”:“google::protobuf::internal::TaggedAllocationPolicyPtr”需要有 dll 接口以供“google::protobuf::internal::ThreadSafeArena”的客户端使用
  (编译源文件“../../src/Tools/ProtoBuf/MyEngineMessage.pb.cc”)
      C:\chen\Pro\CyEngine\src\Tools\ProtoBuf\google\protobuf\arena_impl.h(123,7):
      参见“google::protobuf::internal::TaggedAllocationPolicyPtr”的声明
  
C:\chen\Pro\CyEngine\src\Tools\ProtoBuf\google\protobuf\arena_impl.h(537,29): warning C4251: “google::protobuf::internal::ThreadSafeArena::threads_”:“std::atomic<google::protobuf::internal::SerialArena *>”需要有 dll 接口以供“google::protobuf::internal::ThreadSafeArena”的客户端使用
  (编译源文件“../../src/Tools/ProtoBuf/MyEngineMessage.pb.cc”)
      C:\Program Files\Microsoft Visual Studio\18\Insiders\VC\Tools\MSVC\14.50.35717\include\atomic(2115,8):
      参见“std::atomic<google::protobuf::internal::SerialArena *>”的声明
  
C:\chen\Pro\CyEngine\src\Tools\ProtoBuf\google\protobuf\arena_impl.h(538,29): warning C4251: “google::protobuf::internal::ThreadSafeArena::hint_”:“std::atomic<google::protobuf::internal::SerialArena *>”需要有 dll 接口以供“google::protobuf::internal::ThreadSafeArena”的客户端使用
  (编译源文件“../../src/Tools/ProtoBuf/MyEngineMessage.pb.cc”)
      C:\Program Files\Microsoft Visual Studio\18\Insiders\VC\Tools\MSVC\14.50.35717\include\atomic(2115,8):
      参见“std::atomic<google::protobuf::internal::SerialArena *>”的声明
  
C:\chen\Pro\CyEngine\src\Tools\ProtoBuf\google\protobuf\arena_impl.h(660,30): warning C4251: “google::protobuf::internal::ThreadSafeArena::arena_stats_”:“google::protobuf::internal::ThreadSafeArenaStatsHandle”需要有 dll 接口以供“google::protobuf::internal::ThreadSafeArena”的客户端使用
  (编译源文件“../../src/Tools/ProtoBuf/MyEngineMessage.pb.cc”)
      C:\chen\Pro\CyEngine\src\Tools\ProtoBuf\google\protobuf\arenaz_sampler.h(159,7):
      参见“google::protobuf::internal::ThreadSafeArenaStatsHandle”的声明
  
C:\chen\Pro\CyEngine\src\Tools\ProtoBuf\google\protobuf\arenastring.h(82,43): warning C4251: “google::protobuf::internal::LazyString::inited_”:“std::atomic<const std::string *>”需要有 dll 接口以供“google::protobuf::internal::LazyString”的客户端使用
  (编译源文件“../../src/Tools/ProtoBuf/MyEngineMessage.pb.cc”)
      C:\Program Files\Microsoft Visual Studio\18\Insiders\VC\Tools\MSVC\14.50.35717\include\atomic(2115,8):
      参见“std::atomic<const std::string *>”的声明
  
C:\chen\Pro\CyEngine\src\Tools\ProtoBuf\google\protobuf\arenastring.h(367,19): warning C4251: “google::protobuf::internal::ArenaStringPtr::tagged_ptr_”:“google::protobuf::internal::TaggedStringPtr”需要有 dll 接口以供“google::protobuf::internal::ArenaStringPtr”的客户端使用
  (编译源文件“../../src/Tools/ProtoBuf/MyEngineMessage.pb.cc”)
      C:\chen\Pro\CyEngine\src\Tools\ProtoBuf\google\protobuf\arenastring.h(97,7):
      参见“google::protobuf::internal::TaggedStringPtr”的声明
  
C:\chen\Pro\CyEngine\src\Tools\ProtoBuf\google\protobuf\metadata_lite.h(307,15): warning C4251: “google::protobuf::internal::LiteUnknownFieldSetter::buffer_”:“std::basic_string<char,std::char_traits<char>,std::allocator<char>>”需要有 dll 接口以供“google::protobuf::internal::LiteUnknownFieldSetter”的客户端使用
  (编译源文件“../../src/Tools/ProtoBuf/MyEngineMessage.pb.cc”)
      C:\Program Files\Microsoft Visual Studio\18\Insiders\VC\Tools\MSVC\14.50.35717\include\xstring(589,7):
      参见“std::basic_string<char,std::char_traits<char>,std::allocator<char>>”的声明
  
C:\chen\Pro\CyEngine\src\Tools\ProtoBuf\google\protobuf\generated_message_util.h(194,20): warning C4251: “google::protobuf::internal::CachedSize::size_”:“std::atomic<int>”需要有 dll 接口以供“google::protobuf::internal::CachedSize”的客户端使用
  (编译源文件“../../src/Tools/ProtoBuf/MyEngineMessage.pb.cc”)
      C:\Program Files\Microsoft Visual Studio\18\Insiders\VC\Tools\MSVC\14.50.35717\include\atomic(2115,8):
      参见“std::atomic<int>”的声明
  
C:\chen\Pro\CyEngine\src\Tools\ProtoBuf\google\protobuf\stubs\mutex.h(136,40): warning C4251: “google::protobuf::internal::WrappedMutex::mu_”:“google::protobuf::internal::CallOnceInitializedMutex<std::mutex>”需要有 dll 接口以供“google::protobuf::internal::WrappedMutex”的客户端使用
  (编译源文件“../../src/Tools/ProtoBuf/MyEngineMessage.pb.cc”)
      C:\chen\Pro\CyEngine\src\Tools\ProtoBuf\google\protobuf\stubs\mutex.h(98,7):
      参见“google::protobuf::internal::CallOnceInitializedMutex<std::mutex>”的声明
  
C:\chen\Pro\CyEngine\src\Tools\ProtoBuf\google\protobuf\descriptor.h(2063,27): warning C4251: “google::protobuf::DescriptorPool::tables_”:“std::unique_ptr<google::protobuf::DescriptorPool::Tables,std::default_delete<google::protobuf::DescriptorPool::Tables>>”需要有 dll 接口以供“google::protobuf::DescriptorPool”的客户端使用
  (编译源文件“../../src/Tools/ProtoBuf/MyEngineMessage.pb.cc”)
      C:\Program Files\Microsoft Visual Studio\18\Insiders\VC\Tools\MSVC\14.50.35717\include\memory(3376,7):
      参见“std::unique_ptr<google::protobuf::DescriptorPool::Tables,std::default_delete<google::protobuf::DescriptorPool::Tables>>”的声明
  
C:\chen\Pro\CyEngine\src\Tools\ProtoBuf\google\protobuf\descriptor.h(2073,31): warning C4251: “google::protobuf::DescriptorPool::unused_import_track_files_”:“std::map<std::string,bool,std::less<std::string>,std::allocator<std::pair<const std::string,bool>>>”需要有 dll 接口以供“google::protobuf::DescriptorPool”的客户端使用
  (编译源文件“../../src/Tools/ProtoBuf/MyEngineMessage.pb.cc”)
      C:\Program Files\Microsoft Visual Studio\18\Insiders\VC\Tools\MSVC\14.50.35717\include\map(72,7):
      参见“std::map<std::string,bool,std::less<std::string>,std::allocator<std::pair<const std::string,bool>>>”的声明
  
C:\chen\Pro\CyEngine\src\Tools\ProtoBuf\google\protobuf\io\zero_copy_stream_impl_lite.h(247,30): warning C4251: “google::protobuf::io::CopyingInputStreamAdaptor::buffer_”:“std::unique_ptr<uint8_t [],std::default_delete<uint8_t []>>”需要有 dll 接口以供“google::protobuf::io::CopyingInputStreamAdaptor”的客户端使用
  (编译源文件“../../src/Tools/ProtoBuf/MyEngineMessage.pb.cc”)
      C:\Program Files\Microsoft Visual Studio\18\Insiders\VC\Tools\MSVC\14.50.35717\include\memory(3515,7):
      参见“std::unique_ptr<uint8_t [],std::default_delete<uint8_t []>>”的声明
  
C:\chen\Pro\CyEngine\src\Tools\ProtoBuf\google\protobuf\io\zero_copy_stream_impl_lite.h(338,30): warning C4251: “google::protobuf::io::CopyingOutputStreamAdaptor::buffer_”:“std::unique_ptr<uint8_t [],std::default_delete<uint8_t []>>”需要有 dll 接口以供“google::protobuf::io::CopyingOutputStreamAdaptor”的客户端使用
  (编译源文件“../../src/Tools/ProtoBuf/MyEngineMessage.pb.cc”)
      C:\Program Files\Microsoft Visual Studio\18\Insiders\VC\Tools\MSVC\14.50.35717\include\memory(3515,7):
      参见“std::unique_ptr<uint8_t [],std::default_delete<uint8_t []>>”的声明
  
C:\chen\Pro\CyEngine\src\Tools\ProtoBuf\google\protobuf\unknown_field_set.h(211,29): warning C4251: “google::protobuf::UnknownFieldSet::fields_”:“std::vector<google::protobuf::UnknownField,std::allocator<google::protobuf::UnknownField>>”需要有 dll 接口以供“google::protobuf::UnknownFieldSet”的客户端使用
  (编译源文件“../../src/Tools/ProtoBuf/MyEngineMessage.pb.cc”)
      C:\Program Files\Microsoft Visual Studio\18\Insiders\VC\Tools\MSVC\14.50.35717\include\vector(442,7):
      参见“std::vector<google::protobuf::UnknownField,std::allocator<google::protobuf::UnknownField>>”的声明
  
C:\chen\Pro\CyEngine\src\Tools\ProtoBuf\google\protobuf\extension_set.h(1057,26): warning C4251: “google::protobuf::internal::RepeatedPrimitiveDefaults::default_repeated_field_int32_t_”:“google::protobuf::RepeatedField<int32_t>”需要有 dll 接口以供“google::protobuf::internal::RepeatedPrimitiveDefaults”的客户端使用
  (编译源文件“../../src/Tools/ProtoBuf/MyEngineMessage.pb.cc”)
      C:\chen\Pro\CyEngine\src\Tools\ProtoBuf\google\protobuf\repeated_field.h(1193,78):
      参见“google::protobuf::RepeatedField<int32_t>”的声明
  
C:\chen\Pro\CyEngine\src\Tools\ProtoBuf\google\protobuf\extension_set.h(1058,26): warning C4251: “google::protobuf::internal::RepeatedPrimitiveDefaults::default_repeated_field_int64_t_”:“google::protobuf::RepeatedField<int64_t>”需要有 dll 接口以供“google::protobuf::internal::RepeatedPrimitiveDefaults”的客户端使用
  (编译源文件“../../src/Tools/ProtoBuf/MyEngineMessage.pb.cc”)
      C:\chen\Pro\CyEngine\src\Tools\ProtoBuf\google\protobuf\repeated_field.h(1195,78):
      参见“google::protobuf::RepeatedField<int64_t>”的声明
  
C:\chen\Pro\CyEngine\src\Tools\ProtoBuf\google\protobuf\extension_set.h(1059,27): warning C4251: “google::protobuf::internal::RepeatedPrimitiveDefaults::default_repeated_field_uint32_t_”:“google::protobuf::RepeatedField<uint32_t>”需要有 dll 接口以供“google::protobuf::internal::RepeatedPrimitiveDefaults”的客户端使用
  (编译源文件“../../src/Tools/ProtoBuf/MyEngineMessage.pb.cc”)
      C:\chen\Pro\CyEngine\src\Tools\ProtoBuf\google\protobuf\repeated_field.h(1194,79):
      参见“google::protobuf::RepeatedField<uint32_t>”的声明
  
C:\chen\Pro\CyEngine\src\Tools\ProtoBuf\google\protobuf\extension_set.h(1060,27): warning C4251: “google::protobuf::internal::RepeatedPrimitiveDefaults::default_repeated_field_uint64_t_”:“google::protobuf::RepeatedField<uint64_t>”需要有 dll 接口以供“google::protobuf::internal::RepeatedPrimitiveDefaults”的客户端使用
  (编译源文件“../../src/Tools/ProtoBuf/MyEngineMessage.pb.cc”)
      C:\chen\Pro\CyEngine\src\Tools\ProtoBuf\google\protobuf\repeated_field.h(1196,79):
      参见“google::protobuf::RepeatedField<uint64_t>”的声明
  
C:\chen\Pro\CyEngine\src\Tools\ProtoBuf\google\protobuf\extension_set.h(1061,25): warning C4251: “google::protobuf::internal::RepeatedPrimitiveDefaults::default_repeated_field_double_”:“google::protobuf::RepeatedField<double>”需要有 dll 接口以供“google::protobuf::internal::RepeatedPrimitiveDefaults”的客户端使用
  (编译源文件“../../src/Tools/ProtoBuf/MyEngineMessage.pb.cc”)
      C:\chen\Pro\CyEngine\src\Tools\ProtoBuf\google\protobuf\repeated_field.h(1198,77):
      参见“google::protobuf::RepeatedField<double>”的声明
  
C:\chen\Pro\CyEngine\src\Tools\ProtoBuf\google\protobuf\extension_set.h(1062,24): warning C4251: “google::protobuf::internal::RepeatedPrimitiveDefaults::default_repeated_field_float_”:“google::protobuf::RepeatedField<float>”需要有 dll 接口以供“google::protobuf::internal::RepeatedPrimitiveDefaults”的客户端使用
  (编译源文件“../../src/Tools/ProtoBuf/MyEngineMessage.pb.cc”)
      C:\chen\Pro\CyEngine\src\Tools\ProtoBuf\google\protobuf\repeated_field.h(1197,76):
      参见“google::protobuf::RepeatedField<float>”的声明
  
C:\chen\Pro\CyEngine\src\Tools\ProtoBuf\google\protobuf\extension_set.h(1063,23): warning C4251: “google::protobuf::internal::RepeatedPrimitiveDefaults::default_repeated_field_bool_”:“google::protobuf::RepeatedField<bool>”需要有 dll 接口以供“google::protobuf::internal::RepeatedPrimitiveDefaults”的客户端使用
  (编译源文件“../../src/Tools/ProtoBuf/MyEngineMessage.pb.cc”)
      C:\chen\Pro\CyEngine\src\Tools\ProtoBuf\google\protobuf\repeated_field.h(1192,75):
      参见“google::protobuf::RepeatedField<bool>”的声明
  
C:\chen\Pro\CyEngine\src\OtherProjects\MyEngineClient\PicPlayer.cpp(40,32): warning C4129: “Q：: 不可识别的字符转义序列
  qrc_MyEngineClient.cpp
  moc_MyEngineClient.cpp
  moc_PicPlayer.cpp
  moc_SignUpWidget.cpp
  moc_MyTcpClient.cpp
  moc_HCLWidhet.cpp
  MyEngineClient.vcxproj -> C:\chen\Pro\CyEngine\x64\Debug\MyEngineClient.exe
