   Qt/MSBuild: 3.3.1.1
  Reading Qt configuration (D:/Program/qt/5.9.9/msvc2015_64/bin/qmake)
   Qt: 5.9.9
  main.cpp
  AttackMissionWidget.cpp
  EngineController.cpp
  MissionChooser.cpp
  MoveMissionWidget.cpp
D:\chen\Pro\CPP\MyEngine\CyEngine\src\Components\ComponentBase\ComponentBase.h(9,10): warning C4067: 预处理器指令后有意外标记 - 应输入换行符 (编译源文件 ..\..\src\OtherProjects\EngineController\resource\main.cpp)
D:\chen\Pro\CPP\MyEngine\CyEngine\src\Components\ComponentBase\ComponentBase.h(9,10): warning C4067: 预处理器指令后有意外标记 - 应输入换行符 (编译源文件 AttackMissionWidget.cpp)
D:\chen\Pro\CPP\MyEngine\CyEngine\src\Components\ComponentBase\ComponentBase.h(9,10): warning C4067: 预处理器指令后有意外标记 - 应输入换行符 (编译源文件 MoveMissionWidget.cpp)
D:\chen\Pro\CPP\MyEngine\CyEngine\src\Components\ComponentBase\ComponentBase.h(9,10): warning C4067: 预处理器指令后有意外标记 - 应输入换行符 (编译源文件 MissionChooser.cpp)
D:\chen\Pro\CPP\MyEngine\CyEngine\src\Components\ComponentBase\ComponentBase.h(9,10): warning C4067: 预处理器指令后有意外标记 - 应输入换行符 (编译源文件 EngineController.cpp)
  moc_EngineController.cpp
  moc_MissionChooser.cpp
  moc_MoveMissionWidget.cpp
D:\chen\Pro\CPP\MyEngine\CyEngine\src\Components\ComponentBase\ComponentBase.h(9,10): warning C4067: 预处理器指令后有意外标记 - 应输入换行符 (编译源文件 x64\Debug\qt\moc\moc_MoveMissionWidget.cpp)
D:\chen\Pro\CPP\MyEngine\CyEngine\src\Components\ComponentBase\ComponentBase.h(9,10): warning C4067: 预处理器指令后有意外标记 - 应输入换行符 (编译源文件 x64\Debug\qt\moc\moc_MissionChooser.cpp)
D:\chen\Pro\CPP\MyEngine\CyEngine\src\Components\ComponentBase\ComponentBase.h(9,10): warning C4067: 预处理器指令后有意外标记 - 应输入换行符 (编译源文件 x64\Debug\qt\moc\moc_EngineController.cpp)
CyEngined.lib(ThreadPool.obj) : warning LNK4099: 未找到 PDB“”(使用“CyEngined.lib(ThreadPool.obj)”或在“”中寻找)；正在链接对象，如同没有调试信息一样
  EngineController.vcxproj -> D:\chen\Pro\CPP\MyEngine\CyEngine\x64\Debug\EngineController.exe
  'pwsh.exe' 不是内部或外部命令，也不是可运行的程序
  或批处理文件。
