d:\chen\pro\cpp\myengine\cyengine\projects\enginecontroller\x64\debug\main.obj
d:\chen\pro\cpp\myengine\cyengine\projects\enginecontroller\x64\debug\moc_enginecontroller.obj
d:\chen\pro\cpp\myengine\cyengine\projects\enginecontroller\x64\debug\uic\ui_enginecontroller.h
d:\chen\pro\cpp\myengine\cyengine\projects\enginecontroller\x64\debug\moc\moc_enginecontroller.cpp
d:\chen\pro\cpp\myengine\cyengine\x64\debug\enginecontroller.exe
d:\chen\pro\cpp\myengine\cyengine\x64\debug\enginecontroller.ilk
d:\chen\pro\cpp\myengine\cyengine\x64\debug\enginecontroller.pdb
d:\chen\pro\cpp\myengine\cyengine\projects\enginecontroller\x64\debug\enginecontroller.obj
d:\chen\pro\cpp\myengine\cyengine\projects\enginecontroller\x64\debug\vc143.pdb
d:\chen\pro\cpp\myengine\cyengine\projects\enginecontroller\x64\debug\enginecontroller.tlog\cl.14796.write.1.tlog
d:\chen\pro\cpp\myengine\cyengine\projects\enginecontroller\x64\debug\enginecontroller.tlog\cl.command.1.tlog
d:\chen\pro\cpp\myengine\cyengine\projects\enginecontroller\x64\debug\enginecontroller.tlog\cl.items.tlog
d:\chen\pro\cpp\myengine\cyengine\projects\enginecontroller\x64\debug\enginecontroller.tlog\cl.read.1.tlog
d:\chen\pro\cpp\myengine\cyengine\projects\enginecontroller\x64\debug\enginecontroller.tlog\enginecontroller.write.1u.tlog
d:\chen\pro\cpp\myengine\cyengine\projects\enginecontroller\x64\debug\enginecontroller.tlog\link.command.1.tlog
d:\chen\pro\cpp\myengine\cyengine\projects\enginecontroller\x64\debug\enginecontroller.tlog\link.read.1.tlog
d:\chen\pro\cpp\myengine\cyengine\projects\enginecontroller\x64\debug\enginecontroller.tlog\link.write.1.tlog
d:\chen\pro\cpp\myengine\cyengine\projects\enginecontroller\x64\debug\enginecontroller.tlog\moc.read.1u.tlog
d:\chen\pro\cpp\myengine\cyengine\projects\enginecontroller\x64\debug\enginecontroller.tlog\moc.write.1u.tlog
d:\chen\pro\cpp\myengine\cyengine\projects\enginecontroller\x64\debug\enginecontroller.tlog\uic.read.1u.tlog
d:\chen\pro\cpp\myengine\cyengine\projects\enginecontroller\x64\debug\enginecontroller.tlog\uic.write.1u.tlog
